This file contains any messages produced by compilers while
running configure, to aid debugging if configure makes a mistake.

It was created by bookloupe configure 2.0, which was
generated by GNU Autoconf 2.63.  Invocation command line was

  $ ./configure 

## --------- ##
## Platform. ##
## --------- ##

hostname = roberto-Alienware-17-R4
uname -m = x86_64
uname -r = 4.18.0-17-generic
uname -s = Linux
uname -v = #18-Ubuntu SMP Wed Mar 13 14:34:40 UTC 2019

/usr/bin/uname -p = unknown
/bin/uname -X     = unknown

/bin/arch              = unknown
/usr/bin/arch -k       = unknown
/usr/convex/getsysinfo = unknown
/usr/bin/hostinfo      = unknown
/bin/machine           = unknown
/usr/bin/oslevel       = unknown
/bin/universe          = unknown

PATH: /home/roberto/bin
PATH: /home/roberto/.local/bin
PATH: /usr/local/sbin
PATH: /usr/local/bin
PATH: /usr/sbin
PATH: /usr/bin
PATH: /sbin
PATH: /bin
PATH: /usr/games
PATH: /usr/local/games
PATH: /snap/bin
PATH: /snap/bin/
PATH: /snap/bin/


## ----------- ##
## Core tests. ##
## ----------- ##

configure:2085: checking for a BSD-compatible install
configure:2153: result: /usr/bin/install -c
configure:2164: checking whether build environment is sane
configure:2224: result: yes
configure:2365: checking for a thread-safe mkdir -p
configure:2404: result: /bin/mkdir -p
configure:2417: checking for gawk
configure:2447: result: no
configure:2417: checking for mawk
configure:2433: found /usr/bin/mawk
configure:2444: result: mawk
configure:2455: checking whether make sets $(MAKE)
configure:2477: result: yes
configure:2568: checking build system type
configure:2586: result: x86_64-unknown-linux-gnu
configure:2608: checking host system type
configure:2623: result: x86_64-unknown-linux-gnu
configure:2697: checking for gcc
configure:2713: found /usr/bin/gcc
configure:2724: result: gcc
configure:2956: checking for C compiler version
configure:2964: gcc --version >&5
gcc (Ubuntu 8.2.0-7ubuntu1) 8.2.0
Copyright (C) 2018 Free Software Foundation, Inc.
This is free software; see the source for copying conditions.  There is NO
warranty; not even for MERCHANTABILITY or FITNESS FOR A PARTICULAR PURPOSE.

configure:2968: $? = 0
configure:2975: gcc -v >&5
Using built-in specs.
COLLECT_GCC=gcc
COLLECT_LTO_WRAPPER=/usr/lib/gcc/x86_64-linux-gnu/8/lto-wrapper
OFFLOAD_TARGET_NAMES=nvptx-none
OFFLOAD_TARGET_DEFAULT=1
Target: x86_64-linux-gnu
Configured with: ../src/configure -v --with-pkgversion='Ubuntu 8.2.0-7ubuntu1' --with-bugurl=file:///usr/share/doc/gcc-8/README.Bugs --enable-languages=c,ada,c++,go,brig,d,fortran,objc,obj-c++ --prefix=/usr --with-gcc-major-version-only --program-suffix=-8 --program-prefix=x86_64-linux-gnu- --enable-shared --enable-linker-build-id --libexecdir=/usr/lib --without-included-gettext --enable-threads=posix --libdir=/usr/lib --enable-nls --with-sysroot=/ --enable-clocale=gnu --enable-libstdcxx-debug --enable-libstdcxx-time=yes --with-default-libstdcxx-abi=new --enable-gnu-unique-object --disable-vtable-verify --enable-libmpx --enable-plugin --enable-default-pie --with-system-zlib --with-target-system-zlib --enable-objc-gc=auto --enable-multiarch --disable-werror --with-arch-32=i686 --with-abi=m64 --with-multilib-list=m32,m64,mx32 --enable-multilib --with-tune=generic --enable-offload-targets=nvptx-none --without-cuda-driver --enable-checking=release --build=x86_64-linux-gnu --host=x86_64-linux-gnu --target=x86_64-linux-gnu
Thread model: posix
gcc version 8.2.0 (Ubuntu 8.2.0-7ubuntu1) 
configure:2979: $? = 0
configure:2986: gcc -V >&5
gcc: error: unrecognized command line option '-V'
gcc: fatal error: no input files
compilation terminated.
configure:2990: $? = 1
configure:3013: checking for C compiler default output file name
configure:3035: gcc    conftest.c  >&5
configure:3039: $? = 0
configure:3077: result: a.out
configure:3096: checking whether the C compiler works
configure:3106: ./a.out
configure:3110: $? = 0
configure:3129: result: yes
configure:3136: checking whether we are cross compiling
configure:3138: result: no
configure:3141: checking for suffix of executables
configure:3148: gcc -o conftest    conftest.c  >&5
configure:3152: $? = 0
configure:3178: result: 
configure:3184: checking for suffix of object files
configure:3210: gcc -c   conftest.c >&5
configure:3214: $? = 0
configure:3239: result: o
configure:3243: checking whether we are using the GNU C compiler
configure:3272: gcc -c   conftest.c >&5
configure:3279: $? = 0
configure:3296: result: yes
configure:3305: checking whether gcc accepts -g
configure:3335: gcc -c -g  conftest.c >&5
configure:3342: $? = 0
configure:3443: result: yes
configure:3460: checking for gcc option to accept ISO C89
configure:3534: gcc  -c -g -O2  conftest.c >&5
configure:3541: $? = 0
configure:3564: result: none needed
configure:3593: checking for style of include used by make
configure:3621: result: GNU
configure:3646: checking dependency style of gcc
configure:3756: result: gcc3
configure:3796: checking for a sed that does not truncate output
configure:3862: result: /bin/sed
configure:3880: checking for grep that handles long lines and -e
configure:3940: result: /bin/grep
configure:3945: checking for egrep
configure:4009: result: /bin/grep -E
configure:4014: checking for fgrep
configure:4078: result: /bin/grep -F
configure:4113: checking for ld used by gcc
configure:4180: result: /usr/bin/ld
configure:4189: checking if the linker (/usr/bin/ld) is GNU ld
configure:4204: result: yes
configure:4216: checking for BSD- or MS-compatible name lister (nm)
configure:4265: result: /usr/bin/nm -B
configure:4383: checking the name lister (/usr/bin/nm -B) interface
configure:4390: gcc -c -g -O2  conftest.c >&5
configure:4393: /usr/bin/nm -B "conftest.o"
configure:4396: output
0000000000000000 B some_variable
configure:4403: result: BSD nm
configure:4406: checking whether ln -s works
configure:4410: result: yes
configure:4418: checking the maximum length of command line arguments
configure:4538: result: 1572864
configure:4555: checking whether the shell understands some XSI constructs
configure:4565: result: yes
configure:4569: checking whether the shell understands "+="
configure:4575: result: yes
configure:4610: checking for /usr/bin/ld option to reload object files
configure:4617: result: -r
configure:4686: checking for objdump
configure:4702: found /usr/bin/objdump
configure:4713: result: objdump
configure:4745: checking how to recognize dependent libraries
configure:4941: result: pass_all
configure:5001: checking for ar
configure:5017: found /usr/bin/ar
configure:5028: result: ar
configure:5106: checking for strip
configure:5122: found /usr/bin/strip
configure:5133: result: strip
configure:5205: checking for ranlib
configure:5221: found /usr/bin/ranlib
configure:5232: result: ranlib
configure:5322: checking command to parse /usr/bin/nm -B output from gcc object
configure:5440: gcc -c -g -O2  conftest.c >&5
configure:5443: $? = 0
configure:5447: /usr/bin/nm -B conftest.o \| sed -n -e 's/^.*[	 ]\([ABCDGIRSTW][ABCDGIRSTW]*\)[	 ][	 ]*\([_A-Za-z][_A-Za-z0-9]*\)$/\1 \2 \2/p' \> conftest.nm
configure:5450: $? = 0
configure:5504: gcc -o conftest -g -O2   conftest.c conftstm.o >&5
configure:5507: $? = 0
configure:5545: result: ok
configure:5641: gcc -c -g -O2  conftest.c >&5
configure:5644: $? = 0
configure:6412: checking how to run the C preprocessor
configure:6452: gcc -E  conftest.c
configure:6459: $? = 0
configure:6490: gcc -E  conftest.c
conftest.c:8:10: fatal error: ac_nonexistent.h: No such file or directory
 #include <ac_nonexistent.h>
          ^~~~~~~~~~~~~~~~~~
compilation terminated.
configure:6497: $? = 1
configure: failed program was:
| /* confdefs.h.  */
| #define PACKAGE_NAME "bookloupe"
| #define PACKAGE_TARNAME "bookloupe"
| #define PACKAGE_VERSION "2.0"
| #define PACKAGE_STRING "bookloupe 2.0"
| #define PACKAGE_BUGREPORT "ali@juiblex.co.uk"
| /* end confdefs.h.  */
| #include <ac_nonexistent.h>
configure:6530: result: gcc -E
configure:6559: gcc -E  conftest.c
configure:6566: $? = 0
configure:6597: gcc -E  conftest.c
conftest.c:8:10: fatal error: ac_nonexistent.h: No such file or directory
 #include <ac_nonexistent.h>
          ^~~~~~~~~~~~~~~~~~
compilation terminated.
configure:6604: $? = 1
configure: failed program was:
| /* confdefs.h.  */
| #define PACKAGE_NAME "bookloupe"
| #define PACKAGE_TARNAME "bookloupe"
| #define PACKAGE_VERSION "2.0"
| #define PACKAGE_STRING "bookloupe 2.0"
| #define PACKAGE_BUGREPORT "ali@juiblex.co.uk"
| /* end confdefs.h.  */
| #include <ac_nonexistent.h>
configure:6644: checking for ANSI C header files
configure:6674: gcc -c -g -O2  conftest.c >&5
configure:6681: $? = 0
configure:6780: gcc -o conftest -g -O2   conftest.c  >&5
configure:6784: $? = 0
configure:6790: ./conftest
configure:6794: $? = 0
configure:6812: result: yes
configure:6836: checking for sys/types.h
configure:6857: gcc -c -g -O2  conftest.c >&5
configure:6864: $? = 0
configure:6881: result: yes
configure:6836: checking for sys/stat.h
configure:6857: gcc -c -g -O2  conftest.c >&5
configure:6864: $? = 0
configure:6881: result: yes
configure:6836: checking for stdlib.h
configure:6857: gcc -c -g -O2  conftest.c >&5
configure:6864: $? = 0
configure:6881: result: yes
configure:6836: checking for string.h
configure:6857: gcc -c -g -O2  conftest.c >&5
configure:6864: $? = 0
configure:6881: result: yes
configure:6836: checking for memory.h
configure:6857: gcc -c -g -O2  conftest.c >&5
configure:6864: $? = 0
configure:6881: result: yes
configure:6836: checking for strings.h
configure:6857: gcc -c -g -O2  conftest.c >&5
configure:6864: $? = 0
configure:6881: result: yes
configure:6836: checking for inttypes.h
configure:6857: gcc -c -g -O2  conftest.c >&5
configure:6864: $? = 0
configure:6881: result: yes
configure:6836: checking for stdint.h
configure:6857: gcc -c -g -O2  conftest.c >&5
configure:6864: $? = 0
configure:6881: result: yes
configure:6836: checking for unistd.h
configure:6857: gcc -c -g -O2  conftest.c >&5
configure:6864: $? = 0
configure:6881: result: yes
configure:6899: checking for dlfcn.h
configure:6920: gcc -c -g -O2  conftest.c >&5
configure:6927: $? = 0
configure:6944: result: yes
configure:7130: checking for objdir
configure:7145: result: .libs
configure:7437: checking if gcc supports -fno-rtti -fno-exceptions
configure:7455: gcc -c -g -O2  -fno-rtti -fno-exceptions conftest.c >&5
cc1: warning: command line option '-fno-rtti' is valid for C++/ObjC++ but not for C
configure:7459: $? = 0
configure:7472: result: no
configure:7492: checking for gcc option to produce PIC
configure:7764: result: -fPIC -DPIC
configure:7776: checking if gcc PIC flag -fPIC -DPIC works
configure:7794: gcc -c -g -O2  -fPIC -DPIC -DPIC conftest.c >&5
configure:7798: $? = 0
configure:7811: result: yes
configure:7835: checking if gcc static flag -static works
configure:7863: result: yes
configure:7878: checking if gcc supports -c -o file.o
configure:7899: gcc -c -g -O2  -o out/conftest2.o conftest.c >&5
configure:7903: $? = 0
configure:7925: result: yes
configure:7933: checking if gcc supports -c -o file.o
configure:7980: result: yes
configure:8013: checking whether the gcc linker (/usr/bin/ld -m elf_x86_64) supports shared libraries
configure:9087: result: yes
configure:9124: checking whether -lc should be explicitly linked in
configure:9129: gcc -c -g -O2  conftest.c >&5
configure:9132: $? = 0
configure:9147: gcc -shared conftest.o  -v -Wl,-soname -Wl,conftest -o conftest 2\>\&1 \| /bin/grep  -lc  \>/dev/null 2\>\&1
configure:9150: $? = 0
configure:9162: result: no
configure:9326: checking dynamic linker characteristics
configure:9769: gcc -o conftest -g -O2   -Wl,-rpath -Wl,/foo conftest.c  >&5
configure:9776: $? = 0
configure:10012: result: GNU/Linux ld.so
configure:10114: checking how to hardcode library paths into programs
configure:10139: result: immediate
configure:10972: checking whether stripping libraries is possible
configure:10977: result: yes
configure:11012: checking if libtool supports shared libraries
configure:11014: result: yes
configure:11017: checking whether to build shared libraries
configure:11038: result: yes
configure:11041: checking whether to build static libraries
configure:11045: result: yes
configure:11108: creating ./config.lt

## ------------------ ##
## Running config.lt. ##
## ------------------ ##
config.lt:549: creating libtool
configure:12445: checking for pkg-config
configure:12463: found /usr/bin/pkg-config
configure:12475: result: /usr/bin/pkg-config
configure:12500: checking pkg-config is at least version 0.9.0
configure:12503: result: yes
configure:12526: checking for GLIB
configure:12533: $PKG_CONFIG --exists --print-errors "glib-2.0 >= 2.18"
configure:12536: $? = 0
configure:12549: $PKG_CONFIG --exists --print-errors "glib-2.0 >= 2.18"
configure:12552: $? = 0
configure:12629: result: yes
configure:12637: checking for Mac OS X Carbon support
configure:12655: gcc -E  conftest.c
conftest.c:21:10: fatal error: Carbon/Carbon.h: No such file or directory
 #include <Carbon/Carbon.h>
          ^~~~~~~~~~~~~~~~~
compilation terminated.
configure:12662: $? = 1
configure: failed program was:
| /* confdefs.h.  */
| #define PACKAGE_NAME "bookloupe"
| #define PACKAGE_TARNAME "bookloupe"
| #define PACKAGE_VERSION "2.0"
| #define PACKAGE_STRING "bookloupe 2.0"
| #define PACKAGE_BUGREPORT "ali@juiblex.co.uk"
| #define STDC_HEADERS 1
| #define HAVE_SYS_TYPES_H 1
| #define HAVE_SYS_STAT_H 1
| #define HAVE_STDLIB_H 1
| #define HAVE_STRING_H 1
| #define HAVE_MEMORY_H 1
| #define HAVE_STRINGS_H 1
| #define HAVE_INTTYPES_H 1
| #define HAVE_STDINT_H 1
| #define HAVE_UNISTD_H 1
| #define HAVE_DLFCN_H 1
| #define LT_OBJDIR ".libs/"
| /* end confdefs.h.  */
| 
| #include <Carbon/Carbon.h>
| #include <CoreServices/CoreServices.h>
| 
configure:12676: result: no
configure:12840: checking for g_mkdtemp
configure:12896: ./libtool --mode=link --tag=CC gcc -o conftest -I/usr/include/glib-2.0 -I/usr/lib/x86_64-linux-gnu/glib-2.0/include   conftest.c -lglib-2.0 >&5
libtool: link: gcc -o conftest -I/usr/include/glib-2.0 -I/usr/lib/x86_64-linux-gnu/glib-2.0/include conftest.c  -lglib-2.0
configure:12903: $? = 0
configure:12925: result: yes
configure:13107: creating ./config.status

## ---------------------- ##
## Running config.status. ##
## ---------------------- ##

This file was extended by bookloupe config.status 2.0, which was
generated by GNU Autoconf 2.63.  Invocation command line was

  CONFIG_FILES    = 
  CONFIG_HEADERS  = 
  CONFIG_LINKS    = 
  CONFIG_COMMANDS = 
  $ ./config.status 

on roberto-Alienware-17-R4

config.status:916: creating Makefile
config.status:916: creating bl/Makefile
config.status:916: creating bookloupe/Makefile
config.status:916: creating test/Makefile
config.status:916: creating test/harness/Makefile
config.status:916: creating test/compatibility/Makefile
config.status:916: creating test/bookloupe/Makefile
config.status:916: creating doc/Makefile
config.status:1127: executing depfiles commands
config.status:1127: executing libtool commands

## ---------------- ##
## Cache variables. ##
## ---------------- ##

ac_cv_build=x86_64-unknown-linux-gnu
ac_cv_c_compiler_gnu=yes
ac_cv_env_CC_set=
ac_cv_env_CC_value=
ac_cv_env_CFLAGS_set=
ac_cv_env_CFLAGS_value=
ac_cv_env_CPPFLAGS_set=
ac_cv_env_CPPFLAGS_value=
ac_cv_env_CPP_set=
ac_cv_env_CPP_value=
ac_cv_env_GLIB_CFLAGS_set=
ac_cv_env_GLIB_CFLAGS_value=
ac_cv_env_GLIB_LIBS_set=
ac_cv_env_GLIB_LIBS_value=
ac_cv_env_LDFLAGS_set=
ac_cv_env_LDFLAGS_value=
ac_cv_env_LIBS_set=
ac_cv_env_LIBS_value=
ac_cv_env_PKG_CONFIG_set=
ac_cv_env_PKG_CONFIG_value=
ac_cv_env_build_alias_set=
ac_cv_env_build_alias_value=
ac_cv_env_host_alias_set=
ac_cv_env_host_alias_value=
ac_cv_env_target_alias_set=
ac_cv_env_target_alias_value=
ac_cv_func_g_mkdtemp=yes
ac_cv_header_dlfcn_h=yes
ac_cv_header_inttypes_h=yes
ac_cv_header_memory_h=yes
ac_cv_header_stdc=yes
ac_cv_header_stdint_h=yes
ac_cv_header_stdlib_h=yes
ac_cv_header_string_h=yes
ac_cv_header_strings_h=yes
ac_cv_header_sys_stat_h=yes
ac_cv_header_sys_types_h=yes
ac_cv_header_unistd_h=yes
ac_cv_host=x86_64-unknown-linux-gnu
ac_cv_objext=o
ac_cv_path_EGREP='/bin/grep -E'
ac_cv_path_FGREP='/bin/grep -F'
ac_cv_path_GREP=/bin/grep
ac_cv_path_SED=/bin/sed
ac_cv_path_ac_pt_PKG_CONFIG=/usr/bin/pkg-config
ac_cv_path_install='/usr/bin/install -c'
ac_cv_path_mkdir=/bin/mkdir
ac_cv_prog_AWK=mawk
ac_cv_prog_CPP='gcc -E'
ac_cv_prog_ac_ct_AR=ar
ac_cv_prog_ac_ct_CC=gcc
ac_cv_prog_ac_ct_OBJDUMP=objdump
ac_cv_prog_ac_ct_RANLIB=ranlib
ac_cv_prog_ac_ct_STRIP=strip
ac_cv_prog_cc_c89=
ac_cv_prog_cc_g=yes
ac_cv_prog_make_make_set=yes
am_cv_CC_dependencies_compiler_type=gcc3
lt_cv_deplibs_check_method=pass_all
lt_cv_file_magic_cmd='$MAGIC_CMD'
lt_cv_file_magic_test_file=
lt_cv_ld_reload_flag=-r
lt_cv_nm_interface='BSD nm'
lt_cv_objdir=.libs
lt_cv_path_LD=/usr/bin/ld
lt_cv_path_NM='/usr/bin/nm -B'
lt_cv_prog_compiler_c_o=yes
lt_cv_prog_compiler_pic_works=yes
lt_cv_prog_compiler_rtti_exceptions=no
lt_cv_prog_compiler_static_works=yes
lt_cv_prog_gnu_ld=yes
lt_cv_sys_global_symbol_pipe='sed -n -e '\''s/^.*[	 ]\([ABCDGIRSTW][ABCDGIRSTW]*\)[	 ][	 ]*\([_A-Za-z][_A-Za-z0-9]*\)$/\1 \2 \2/p'\'''
lt_cv_sys_global_symbol_to_c_name_address='sed -n -e '\''s/^: \([^ ]*\) $/  {\"\1\", (void *) 0},/p'\'' -e '\''s/^[ABCDGIRSTW]* \([^ ]*\) \([^ ]*\)$/  {"\2", (void *) \&\2},/p'\'''
lt_cv_sys_global_symbol_to_c_name_address_lib_prefix='sed -n -e '\''s/^: \([^ ]*\) $/  {\"\1\", (void *) 0},/p'\'' -e '\''s/^[ABCDGIRSTW]* \([^ ]*\) \(lib[^ ]*\)$/  {"\2", (void *) \&\2},/p'\'' -e '\''s/^[ABCDGIRSTW]* \([^ ]*\) \([^ ]*\)$/  {"lib\2", (void *) \&\2},/p'\'''
lt_cv_sys_global_symbol_to_cdecl='sed -n -e '\''s/^T .* \(.*\)$/extern int \1();/p'\'' -e '\''s/^[ABCDGIRSTW]* .* \(.*\)$/extern char \1;/p'\'''
lt_cv_sys_max_cmd_len=1572864
pkg_cv_GLIB_CFLAGS='-I/usr/include/glib-2.0 -I/usr/lib/x86_64-linux-gnu/glib-2.0/include'
pkg_cv_GLIB_LIBS=-lglib-2.0

## ----------------- ##
## Output variables. ##
## ----------------- ##

ACLOCAL='${SHELL} /home/roberto/sda/pgdp/Sofwarepgdp/bookloupe-2.0/config/missing --run aclocal-1.11'
AMDEPBACKSLASH='\'
AMDEP_FALSE='#'
AMDEP_TRUE=''
AMTAR='${SHELL} /home/roberto/sda/pgdp/Sofwarepgdp/bookloupe-2.0/config/missing --run tar'
AM_BACKSLASH='\'
AM_DEFAULT_VERBOSITY='0'
AR='ar'
AUTOCONF='${SHELL} /home/roberto/sda/pgdp/Sofwarepgdp/bookloupe-2.0/config/missing --run autoconf'
AUTOHEADER='${SHELL} /home/roberto/sda/pgdp/Sofwarepgdp/bookloupe-2.0/config/missing --run autoheader'
AUTOMAKE='${SHELL} /home/roberto/sda/pgdp/Sofwarepgdp/bookloupe-2.0/config/missing --run automake-1.11'
AWK='mawk'
CC='gcc'
CCDEPMODE='depmode=gcc3'
CFLAGS='-g -O2'
CPP='gcc -E'
CPPFLAGS=''
CYGPATH_W='echo'
DEFS='-DPACKAGE_NAME=\"bookloupe\" -DPACKAGE_TARNAME=\"bookloupe\" -DPACKAGE_VERSION=\"2.0\" -DPACKAGE_STRING=\"bookloupe\ 2.0\" -DPACKAGE_BUGREPORT=\"ali@juiblex.co.uk\" -DSTDC_HEADERS=1 -DHAVE_SYS_TYPES_H=1 -DHAVE_SYS_STAT_H=1 -DHAVE_STDLIB_H=1 -DHAVE_STRING_H=1 -DHAVE_MEMORY_H=1 -DHAVE_STRINGS_H=1 -DHAVE_INTTYPES_H=1 -DHAVE_STDINT_H=1 -DHAVE_UNISTD_H=1 -DHAVE_DLFCN_H=1 -DLT_OBJDIR=\".libs/\" -DHAVE_G_MKDTEMP=1'
DEPDIR='.deps'
DSYMUTIL=''
DUMPBIN=''
ECHO_C=''
ECHO_N='-n'
ECHO_T=''
EGREP='/bin/grep -E'
EXEEXT=''
FGREP='/bin/grep -F'
GLIB_CFLAGS='-I/usr/include/glib-2.0 -I/usr/lib/x86_64-linux-gnu/glib-2.0/include'
GLIB_LIBS='-lglib-2.0'
GREP='/bin/grep'
INSTALL_DATA='${INSTALL} -m 644'
INSTALL_PROGRAM='${INSTALL}'
INSTALL_SCRIPT='${INSTALL}'
INSTALL_STRIP_PROGRAM='$(install_sh) -c -s'
LD='/usr/bin/ld -m elf_x86_64'
LDFLAGS=''
LIBOBJS=''
LIBS=''
LIBTOOL='$(SHELL) $(top_builddir)/libtool'
LIPO=''
LN_S='ln -s'
LTLIBOBJS=''
MAKEINFO='${SHELL} /home/roberto/sda/pgdp/Sofwarepgdp/bookloupe-2.0/config/missing --run makeinfo'
MKDIR_P='/bin/mkdir -p'
NM='/usr/bin/nm -B'
NMEDIT=''
OBJDUMP='objdump'
OBJEXT='o'
OTOOL64=''
OTOOL=''
PACKAGE='bookloupe'
PACKAGE_BUGREPORT='ali@juiblex.co.uk'
PACKAGE_NAME='bookloupe'
PACKAGE_STRING='bookloupe 2.0'
PACKAGE_TARNAME='bookloupe'
PACKAGE_VERSION='2.0'
PATH_SEPARATOR=':'
PKG_CONFIG='/usr/bin/pkg-config'
RANLIB='ranlib'
SED='/bin/sed'
SET_MAKE=''
SHELL='/bin/bash'
STRIP='strip'
VERSION='2.0'
ac_ct_CC='gcc'
ac_ct_DUMPBIN=''
am__EXEEXT_FALSE=''
am__EXEEXT_TRUE='#'
am__fastdepCC_FALSE='#'
am__fastdepCC_TRUE=''
am__include='include'
am__isrc=''
am__leading_dot='.'
am__quote=''
am__tar='${AMTAR} chof - "$$tardir"'
am__untar='${AMTAR} xf -'
bindir='${exec_prefix}/bin'
build='x86_64-unknown-linux-gnu'
build_alias=''
build_cpu='x86_64'
build_os='linux-gnu'
build_vendor='unknown'
datadir='${datarootdir}'
datarootdir='${prefix}/share'
docdir='${datarootdir}/doc/${PACKAGE_TARNAME}'
dvidir='${docdir}'
exec_prefix='${prefix}'
host='x86_64-unknown-linux-gnu'
host_alias=''
host_cpu='x86_64'
host_os='linux-gnu'
host_vendor='unknown'
htmldir='${docdir}'
includedir='${prefix}/include'
infodir='${datarootdir}/info'
install_sh='${SHELL} /home/roberto/sda/pgdp/Sofwarepgdp/bookloupe-2.0/config/install-sh'
libdir='${exec_prefix}/lib'
libexecdir='${exec_prefix}/libexec'
localedir='${datarootdir}/locale'
localstatedir='${prefix}/var'
lt_ECHO='echo'
mandir='${datarootdir}/man'
mkdir_p='/bin/mkdir -p'
oldincludedir='/usr/include'
pdfdir='${docdir}'
prefix='/usr/local'
program_transform_name='s,x,x,'
psdir='${docdir}'
sbindir='${exec_prefix}/sbin'
sharedstatedir='${prefix}/com'
sysconfdir='${prefix}/etc'
target_alias=''

## ----------- ##
## confdefs.h. ##
## ----------- ##

#define PACKAGE_NAME "bookloupe"
#define PACKAGE_TARNAME "bookloupe"
#define PACKAGE_VERSION "2.0"
#define PACKAGE_STRING "bookloupe 2.0"
#define PACKAGE_BUGREPORT "ali@juiblex.co.uk"
#define STDC_HEADERS 1
#define HAVE_SYS_TYPES_H 1
#define HAVE_SYS_STAT_H 1
#define HAVE_STDLIB_H 1
#define HAVE_STRING_H 1
#define HAVE_MEMORY_H 1
#define HAVE_STRINGS_H 1
#define HAVE_INTTYPES_H 1
#define HAVE_STDINT_H 1
#define HAVE_UNISTD_H 1
#define HAVE_DLFCN_H 1
#define LT_OBJDIR ".libs/"
#define HAVE_G_MKDTEMP 1

configure: exit 0
